# JRE version: OpenJDK Runtime Environment Temurin-17.0.10+7 (17.0.10+7) (build 17.0.10+7)
# Java VM: OpenJDK 64-Bit Server VM Temurin-17.0.10+7 (17.0.10+7, mixed mode, tiered, compressed oops, compressed class ptrs, parallel gc, windows-amd64)
GC Precious Log:
 CPUs: 12 total, 12 available
 Memory: 7530M
 Large Page Support: Disabled
 NUMA Support: Disabled
 Compressed Oops: Enabled (32-bit)
 Alignments: Space 512K, Generation 512K, Heap 2M
 Heap Min Capacity: 100M
 Heap Initial Capacity: 100M
 Heap Max Capacity: 1G
 Pre-touch: Disabled
 Parallel Workers: 10
Heap:
 PSYoungGen      total 15872K, used 14342K [0x00000000eab00000, 0x00000000ebd80000, 0x0000000100000000)
  eden space 13312K, 97% used [0x00000000eab00000,0x00000000eb7a73e0,0x00000000eb800000)
  from space 2560K, 54% used [0x00000000eb800000,0x00000000eb95a788,0x00000000eba80000)
  to   space 2048K, 0% used [0x00000000ebb80000,0x00000000ebb80000,0x00000000ebd80000)
 ParOldGen       total 219648K, used 205535K [0x00000000c0000000, 0x00000000cd680000, 0x00000000eab00000)
  object space 219648K, 93% used [0x00000000c0000000,0x00000000cc8b7c10,0x00000000cd680000)
 Metaspace       used 61840K, committed 62848K, reserved 1114112K
  class space    used 7089K, committed 7488K, reserved 1048576K
GC Heap History (20 events):
Event: 22.844 GC heap before
{Heap before GC invocations=207 (full 9):
 PSYoungGen      total 8192K, used 8126K [0x00000000eab00000, 0x00000000eb580000, 0x0000000100000000)
  eden space 6656K, 100% used [0x00000000eab00000,0x00000000eb180000,0x00000000eb180000)
  from space 1536K, 95% used [0x00000000eb400000,0x00000000eb56fbf0,0x00000000eb580000)
  to   space 2048K, 0% used [0x00000000eb180000,0x00000000eb180000,0x00000000eb380000)
 ParOldGen       total 219648K, used 189452K [0x00000000c0000000, 0x00000000cd680000, 0x00000000eab00000)
  object space 219648K, 86% used [0x00000000c0000000,0x00000000cb903238,0x00000000cd680000)
 Metaspace       used 61373K, committed 62336K, reserved 1114112K
  class space    used 7034K, committed 7424K, reserved 1048576K
}
Event: 22.846 GC heap after
{Heap after GC invocations=207 (full 9):
 PSYoungGen      total 8704K, used 2047K [0x00000000eab00000, 0x00000000eb880000, 0x0000000100000000)
  eden space 6656K, 0% used [0x00000000eab00000,0x00000000eab00000,0x00000000eb180000)
  from space 2048K, 99% used [0x00000000eb180000,0x00000000eb37fe80,0x00000000eb380000)
  to   space 3072K, 0% used [0x00000000eb580000,0x00000000eb580000,0x00000000eb880000)
 ParOldGen       total 219648K, used 189927K [0x00000000c0000000, 0x00000000cd680000, 0x00000000eab00000)
  object space 219648K, 86% used [0x00000000c0000000,0x00000000cb979f78,0x00000000cd680000)
 Metaspace       used 61373K, committed 62336K, reserved 1114112K
  class space    used 7034K, committed 7424K, reserved 1048576K
}
Event: 22.861 GC heap before
{Heap before GC invocations=208 (full 9):
 PSYoungGen      total 8704K, used 8703K [0x00000000eab00000, 0x00000000eb880000, 0x0000000100000000)
  eden space 6656K, 100% used [0x00000000eab00000,0x00000000eb180000,0x00000000eb180000)
  from space 2048K, 99% used [0x00000000eb180000,0x00000000eb37fe80,0x00000000eb380000)
  to   space 3072K, 0% used [0x00000000eb580000,0x00000000eb580000,0x00000000eb880000)
 ParOldGen       total 219648K, used 189927K [0x00000000c0000000, 0x00000000cd680000, 0x00000000eab00000)
  object space 219648K, 86% used [0x00000000c0000000,0x00000000cb979f78,0x00000000cd680000)
 Metaspace       used 61373K, committed 62336K, reserved 1114112K
  class space    used 7034K, committed 7424K, reserved 1048576K
}
Event: 22.865 GC heap after
{Heap after GC invocations=208 (full 9):
 PSYoungGen      total 9216K, used 1211K [0x00000000eab00000, 0x00000000eb700000, 0x0000000100000000)
  eden space 7680K, 0% used [0x00000000eab00000,0x00000000eab00000,0x00000000eb280000)
  from space 1536K, 78% used [0x00000000eb580000,0x00000000eb6aee08,0x00000000eb700000)
  to   space 2048K, 0% used [0x00000000eb300000,0x00000000eb300000,0x00000000eb500000)
 ParOldGen       total 219648K, used 191993K [0x00000000c0000000, 0x00000000cd680000, 0x00000000eab00000)
  object space 219648K, 87% used [0x00000000c0000000,0x00000000cbb7e4a0,0x00000000cd680000)
 Metaspace       used 61373K, committed 62336K, reserved 1114112K
  class space    used 7034K, committed 7424K, reserved 1048576K
}
Event: 22.881 GC heap before
{Heap before GC invocations=209 (full 9):
 PSYoungGen      total 9216K, used 8891K [0x00000000eab00000, 0x00000000eb700000, 0x0000000100000000)
  eden space 7680K, 100% used [0x00000000eab00000,0x00000000eb280000,0x00000000eb280000)
  from space 1536K, 78% used [0x00000000eb580000,0x00000000eb6aee08,0x00000000eb700000)
  to   space 2048K, 0% used [0x00000000eb300000,0x00000000eb300000,0x00000000eb500000)
 ParOldGen       total 219648K, used 191993K [0x00000000c0000000, 0x00000000cd680000, 0x00000000eab00000)
  object space 219648K, 87% used [0x00000000c0000000,0x00000000cbb7e4a0,0x00000000cd680000)
 Metaspace       used 61374K, committed 62336K, reserved 1114112K
  class space    used 7034K, committed 7424K, reserved 1048576K
}
Event: 22.884 GC heap after
{Heap after GC invocations=209 (full 9):
 PSYoungGen      total 10240K, used 2039K [0x00000000eab00000, 0x00000000eb980000, 0x0000000100000000)
  eden space 8192K, 0% used [0x00000000eab00000,0x00000000eab00000,0x00000000eb300000)
  from space 2048K, 99% used [0x00000000eb300000,0x00000000eb4fdec0,0x00000000eb500000)
  to   space 3072K, 0% used [0x00000000eb680000,0x00000000eb680000,0x00000000eb980000)
 ParOldGen       total 219648K, used 192380K [0x00000000c0000000, 0x00000000cd680000, 0x00000000eab00000)
  object space 219648K, 87% used [0x00000000c0000000,0x00000000cbbdf0a0,0x00000000cd680000)
 Metaspace       used 61374K, committed 62336K, reserved 1114112K
  class space    used 7034K, committed 7424K, reserved 1048576K
}
Event: 22.905 GC heap before
{Heap before GC invocations=210 (full 9):
 PSYoungGen      total 10240K, used 10231K [0x00000000eab00000, 0x00000000eb980000, 0x0000000100000000)
  eden space 8192K, 100% used [0x00000000eab00000,0x00000000eb300000,0x00000000eb300000)
  from space 2048K, 99% used [0x00000000eb300000,0x00000000eb4fdec0,0x00000000eb500000)
  to   space 3072K, 0% used [0x00000000eb680000,0x00000000eb680000,0x00000000eb980000)
 ParOldGen       total 219648K, used 192380K [0x00000000c0000000, 0x00000000cd680000, 0x00000000eab00000)
  object space 219648K, 87% used [0x00000000c0000000,0x00000000cbbdf0a0,0x00000000cd680000)
 Metaspace       used 61374K, committed 62336K, reserved 1114112K
  class space    used 7034K, committed 7424K, reserved 1048576K
}
Event: 22.909 GC heap after
{Heap after GC invocations=210 (full 9):
 PSYoungGen      total 10752K, used 1448K [0x00000000eab00000, 0x00000000eb800000, 0x0000000100000000)
  eden space 9216K, 0% used [0x00000000eab00000,0x00000000eab00000,0x00000000eb400000)
  from space 1536K, 94% used [0x00000000eb680000,0x00000000eb7ea000,0x00000000eb800000)
  to   space 2048K, 0% used [0x00000000eb400000,0x00000000eb400000,0x00000000eb600000)
 ParOldGen       total 219648K, used 194469K [0x00000000c0000000, 0x00000000cd680000, 0x00000000eab00000)
  object space 219648K, 88% used [0x00000000c0000000,0x00000000cbde94f0,0x00000000cd680000)
 Metaspace       used 61374K, committed 62336K, reserved 1114112K
  class space    used 7034K, committed 7424K, reserved 1048576K
}
Event: 22.932 GC heap before
{Heap before GC invocations=211 (full 9):
 PSYoungGen      total 10752K, used 10664K [0x00000000eab00000, 0x00000000eb800000, 0x0000000100000000)
  eden space 9216K, 100% used [0x00000000eab00000,0x00000000eb400000,0x00000000eb400000)
  from space 1536K, 94% used [0x00000000eb680000,0x00000000eb7ea000,0x00000000eb800000)
  to   space 2048K, 0% used [0x00000000eb400000,0x00000000eb400000,0x00000000eb600000)
 ParOldGen       total 219648K, used 194469K [0x00000000c0000000, 0x00000000cd680000, 0x00000000eab00000)
  object space 219648K, 88% used [0x00000000c0000000,0x00000000cbde94f0,0x00000000cd680000)
 Metaspace       used 61374K, committed 62336K, reserved 1114112K
  class space    used 7034K, committed 7424K, reserved 1048576K
}
Event: 22.935 GC heap after
{Heap after GC invocations=211 (full 9):
 PSYoungGen      total 11264K, used 2033K [0x00000000eab00000, 0x00000000ebc00000, 0x0000000100000000)
  eden space 9216K, 0% used [0x00000000eab00000,0x00000000eab00000,0x00000000eb400000)
  from space 2048K, 99% used [0x00000000eb400000,0x00000000eb5fc588,0x00000000eb600000)
  to   space 3584K, 0% used [0x00000000eb880000,0x00000000eb880000,0x00000000ebc00000)
 ParOldGen       total 219648K, used 195439K [0x00000000c0000000, 0x00000000cd680000, 0x00000000eab00000)
  object space 219648K, 88% used [0x00000000c0000000,0x00000000cbedbca0,0x00000000cd680000)
 Metaspace       used 61374K, committed 62336K, reserved 1114112K
  class space    used 7034K, committed 7424K, reserved 1048576K
}
Event: 22.964 GC heap before
{Heap before GC invocations=212 (full 9):
 PSYoungGen      total 11264K, used 11249K [0x00000000eab00000, 0x00000000ebc00000, 0x0000000100000000)
  eden space 9216K, 100% used [0x00000000eab00000,0x00000000eb400000,0x00000000eb400000)
  from space 2048K, 99% used [0x00000000eb400000,0x00000000eb5fc588,0x00000000eb600000)
  to   space 3584K, 0% used [0x00000000eb880000,0x00000000eb880000,0x00000000ebc00000)
 ParOldGen       total 219648K, used 195439K [0x00000000c0000000, 0x00000000cd680000, 0x00000000eab00000)
  object space 219648K, 88% used [0x00000000c0000000,0x00000000cbedbca0,0x00000000cd680000)
 Metaspace       used 61374K, committed 62336K, reserved 1114112K
  class space    used 7034K, committed 7424K, reserved 1048576K
}
Event: 22.969 GC heap after
{Heap after GC invocations=212 (full 9):
 PSYoungGen      total 12288K, used 1721K [0x00000000eab00000, 0x00000000eba80000, 0x0000000100000000)
  eden space 10240K, 0% used [0x00000000eab00000,0x00000000eab00000,0x00000000eb500000)
  from space 2048K, 84% used [0x00000000eb880000,0x00000000eba2e710,0x00000000eba80000)
  to   space 2560K, 0% used [0x00000000eb580000,0x00000000eb580000,0x00000000eb800000)
 ParOldGen       total 219648K, used 197516K [0x00000000c0000000, 0x00000000cd680000, 0x00000000eab00000)
  object space 219648K, 89% used [0x00000000c0000000,0x00000000cc0e3298,0x00000000cd680000)
 Metaspace       used 61374K, committed 62336K, reserved 1114112K
  class space    used 7034K, committed 7424K, reserved 1048576K
}
Event: 23.013 GC heap before
{Heap before GC invocations=213 (full 9):
 PSYoungGen      total 12288K, used 11961K [0x00000000eab00000, 0x00000000eba80000, 0x0000000100000000)
  eden space 10240K, 100% used [0x00000000eab00000,0x00000000eb500000,0x00000000eb500000)
  from space 2048K, 84% used [0x00000000eb880000,0x00000000eba2e710,0x00000000eba80000)
  to   space 2560K, 0% used [0x00000000eb580000,0x00000000eb580000,0x00000000eb800000)
 ParOldGen       total 219648K, used 197516K [0x00000000c0000000, 0x00000000cd680000, 0x00000000eab00000)
  object space 219648K, 89% used [0x00000000c0000000,0x00000000cc0e3298,0x00000000cd680000)
 Metaspace       used 61391K, committed 62336K, reserved 1114112K
  class space    used 7038K, committed 7424K, reserved 1048576K
}
Event: 23.017 GC heap after
{Heap after GC invocations=213 (full 9):
 PSYoungGen      total 13312K, used 2531K [0x00000000eab00000, 0x00000000ebe00000, 0x0000000100000000)
  eden space 10752K, 0% used [0x00000000eab00000,0x00000000eab00000,0x00000000eb580000)
  from space 2560K, 98% used [0x00000000eb580000,0x00000000eb7f8e78,0x00000000eb800000)
  to   space 4096K, 0% used [0x00000000eba00000,0x00000000eba00000,0x00000000ebe00000)
 ParOldGen       total 219648K, used 198378K [0x00000000c0000000, 0x00000000cd680000, 0x00000000eab00000)
  object space 219648K, 90% used [0x00000000c0000000,0x00000000cc1babd8,0x00000000cd680000)
 Metaspace       used 61391K, committed 62336K, reserved 1114112K
  class space    used 7038K, committed 7424K, reserved 1048576K
}
Event: 23.091 GC heap before
{Heap before GC invocations=214 (full 9):
 PSYoungGen      total 13312K, used 13283K [0x00000000eab00000, 0x00000000ebe00000, 0x0000000100000000)
  eden space 10752K, 100% used [0x00000000eab00000,0x00000000eb580000,0x00000000eb580000)
  from space 2560K, 98% used [0x00000000eb580000,0x00000000eb7f8e78,0x00000000eb800000)
  to   space 4096K, 0% used [0x00000000eba00000,0x00000000eba00000,0x00000000ebe00000)
 ParOldGen       total 219648K, used 198378K [0x00000000c0000000, 0x00000000cd680000, 0x00000000eab00000)
  object space 219648K, 90% used [0x00000000c0000000,0x00000000cc1babd8,0x00000000cd680000)
 Metaspace       used 61429K, committed 62336K, reserved 1114112K
  class space    used 7045K, committed 7424K, reserved 1048576K
}
Event: 23.142 GC heap after
{Heap after GC invocations=214 (full 9):
 PSYoungGen      total 15360K, used 2661K [0x00000000eab00000, 0x00000000ebd00000, 0x0000000100000000)
  eden space 12288K, 0% used [0x00000000eab00000,0x00000000eab00000,0x00000000eb700000)
  from space 3072K, 86% used [0x00000000eba00000,0x00000000ebc997c8,0x00000000ebd00000)
  to   space 3072K, 0% used [0x00000000eb700000,0x00000000eb700000,0x00000000eba00000)
 ParOldGen       total 219648K, used 200955K [0x00000000c0000000, 0x00000000cd680000, 0x00000000eab00000)
  object space 219648K, 91% used [0x00000000c0000000,0x00000000cc43ef18,0x00000000cd680000)
 Metaspace       used 61429K, committed 62336K, reserved 1114112K
  class space    used 7045K, committed 7424K, reserved 1048576K
}
Event: 23.237 GC heap before
{Heap before GC invocations=215 (full 9):
 PSYoungGen      total 15360K, used 14949K [0x00000000eab00000, 0x00000000ebd00000, 0x0000000100000000)
  eden space 12288K, 99% used [0x00000000eab00000,0x00000000eb6ffff8,0x00000000eb700000)
  from space 3072K, 86% used [0x00000000eba00000,0x00000000ebc997c8,0x00000000ebd00000)
  to   space 3072K, 0% used [0x00000000eb700000,0x00000000eb700000,0x00000000eba00000)
 ParOldGen       total 219648K, used 200955K [0x00000000c0000000, 0x00000000cd680000, 0x00000000eab00000)
  object space 219648K, 91% used [0x00000000c0000000,0x00000000cc43ef18,0x00000000cd680000)
 Metaspace       used 61606K, committed 62592K, reserved 1114112K
  class space    used 7062K, committed 7488K, reserved 1048576K
}
Event: 23.241 GC heap after
{Heap after GC invocations=215 (full 9):
 PSYoungGen      total 15360K, used 1424K [0x00000000eab00000, 0x00000000ebc80000, 0x0000000100000000)
  eden space 12288K, 0% used [0x00000000eab00000,0x00000000eab00000,0x00000000eb700000)
  from space 3072K, 46% used [0x00000000eb700000,0x00000000eb864220,0x00000000eba00000)
  to   space 2048K, 0% used [0x00000000eba80000,0x00000000eba80000,0x00000000ebc80000)
 ParOldGen       total 219648K, used 203445K [0x00000000c0000000, 0x00000000cd680000, 0x00000000eab00000)
  object space 219648K, 92% used [0x00000000c0000000,0x00000000cc6ad580,0x00000000cd680000)
 Metaspace       used 61606K, committed 62592K, reserved 1114112K
  class space    used 7062K, committed 7488K, reserved 1048576K
}
Event: 23.268 GC heap before
{Heap before GC invocations=216 (full 9):
 PSYoungGen      total 15360K, used 13712K [0x00000000eab00000, 0x00000000ebc80000, 0x0000000100000000)
  eden space 12288K, 100% used [0x00000000eab00000,0x00000000eb700000,0x00000000eb700000)
  from space 3072K, 46% used [0x00000000eb700000,0x00000000eb864220,0x00000000eba00000)
  to   space 2048K, 0% used [0x00000000eba80000,0x00000000eba80000,0x00000000ebc80000)
 ParOldGen       total 219648K, used 203445K [0x00000000c0000000, 0x00000000cd680000, 0x00000000eab00000)
  object space 219648K, 92% used [0x00000000c0000000,0x00000000cc6ad580,0x00000000cd680000)
 Metaspace       used 61703K, committed 62656K, reserved 1114112K
  class space    used 7074K, committed 7488K, reserved 1048576K
}
Event: 23.270 GC heap after
{Heap after GC invocations=216 (full 9):
 PSYoungGen      total 15360K, used 2024K [0x00000000eab00000, 0x00000000ebd00000, 0x0000000100000000)
  eden space 13312K, 0% used [0x00000000eab00000,0x00000000eab00000,0x00000000eb800000)
  from space 2048K, 98% used [0x00000000eba80000,0x00000000ebc7a1e8,0x00000000ebc80000)
  to   space 2560K, 0% used [0x00000000eb800000,0x00000000eb800000,0x00000000eba80000)
 ParOldGen       total 219648K, used 203653K [0x00000000c0000000, 0x00000000cd680000, 0x00000000eab00000)
  object space 219648K, 92% used [0x00000000c0000000,0x00000000cc6e1580,0x00000000cd680000)
 Metaspace       used 61703K, committed 62656K, reserved 1114112K
  class space    used 7074K, committed 7488K, reserved 1048576K
}

