# JRE version: Java(TM) SE Runtime Environment 18.9 (11.0.21+9) (build 11.0.21+9-LTS-193)
# Java VM: Java HotSpot(TM) 64-Bit Server VM 18.9 (11.0.21+9-LTS-193, mixed mode, tiered, compressed oops, g1 gc, windows-amd64)
Heap:
 garbage-first heap   total 346112K, used 123775K [0x0000000080000000, 0x0000000100000000)
  region size 1024K, 2 young (2048K), 2 survivors (2048K)
 Metaspace       used 100510K, capacity 104284K, committed 104356K, reserved 606208K
  class space    used 13471K, capacity 14971K, committed 14976K, reserved 516096K
GC Heap History (10 events):
Event: 53.798 GC heap after
{Heap after GC invocations=74 (full 0):
 garbage-first heap   total 145408K, used 110678K [0x0000000080000000, 0x0000000100000000)
  region size 1024K, 2 young (2048K), 2 survivors (2048K)
 Metaspace       used 96883K, capacity 100266K, committed 100388K, reserved 604160K
  class space    used 13007K, capacity 14277K, committed 14336K, reserved 516096K
}
Event: 53.956 GC heap before
{Heap before GC invocations=74 (full 0):
 garbage-first heap   total 145408K, used 121942K [0x0000000080000000, 0x0000000100000000)
  region size 1024K, 13 young (13312K), 2 survivors (2048K)
 Metaspace       used 97100K, capacity 100415K, committed 100644K, reserved 604160K
  class space    used 13031K, capacity 14321K, committed 14336K, reserved 516096K
}
Event: 53.963 GC heap after
{Heap after GC invocations=75 (full 0):
 garbage-first heap   total 197632K, used 112715K [0x0000000080000000, 0x0000000100000000)
  region size 1024K, 2 young (2048K), 2 survivors (2048K)
 Metaspace       used 97100K, capacity 100415K, committed 100644K, reserved 604160K
  class space    used 13031K, capacity 14321K, committed 14336K, reserved 516096K
}
Event: 54.520 GC heap before
{Heap before GC invocations=76 (full 0):
 garbage-first heap   total 197632K, used 131147K [0x0000000080000000, 0x0000000100000000)
  region size 1024K, 21 young (21504K), 2 survivors (2048K)
 Metaspace       used 97374K, capacity 100867K, committed 101028K, reserved 604160K
  class space    used 13064K, capacity 14411K, committed 14464K, reserved 516096K
}
Event: 54.547 GC heap after
{Heap after GC invocations=77 (full 0):
 garbage-first heap   total 197632K, used 114204K [0x0000000080000000, 0x0000000100000000)
  region size 1024K, 4 young (4096K), 4 survivors (4096K)
 Metaspace       used 97374K, capacity 100867K, committed 101028K, reserved 604160K
  class space    used 13064K, capacity 14411K, committed 14464K, reserved 516096K
}
Event: 54.805 GC heap before
{Heap before GC invocations=78 (full 0):
 garbage-first heap   total 197632K, used 119324K [0x0000000080000000, 0x0000000100000000)
  region size 1024K, 9 young (9216K), 4 survivors (4096K)
 Metaspace       used 97374K, capacity 100867K, committed 101028K, reserved 604160K
  class space    used 13064K, capacity 14411K, committed 14464K, reserved 516096K
}
Event: 54.814 GC heap after
{Heap after GC invocations=79 (full 0):
 garbage-first heap   total 197632K, used 119375K [0x0000000080000000, 0x0000000100000000)
  region size 1024K, 4 young (4096K), 4 survivors (4096K)
 Metaspace       used 97374K, capacity 100867K, committed 101028K, reserved 604160K
  class space    used 13064K, capacity 14411K, committed 14464K, reserved 516096K
}
Event: 55.312 GC heap before
{Heap before GC invocations=80 (full 0):
 garbage-first heap   total 197632K, used 148047K [0x0000000080000000, 0x0000000100000000)
  region size 1024K, 31 young (31744K), 4 survivors (4096K)
 Metaspace       used 97844K, capacity 101407K, committed 101668K, reserved 604160K
  class space    used 13150K, capacity 14565K, committed 14592K, reserved 516096K
}
Event: 55.327 GC heap after
{Heap after GC invocations=81 (full 0):
 garbage-first heap   total 197632K, used 121832K [0x0000000080000000, 0x0000000100000000)
  region size 1024K, 3 young (3072K), 3 survivors (3072K)
 Metaspace       used 97844K, capacity 101407K, committed 101668K, reserved 604160K
  class space    used 13150K, capacity 14565K, committed 14592K, reserved 516096K
}
Event: 56.113 GC heap before
{Heap before GC invocations=81 (full 0):
 garbage-first heap   total 197632K, used 150504K [0x0000000080000000, 0x0000000100000000)
  region size 1024K, 31 young (31744K), 3 survivors (3072K)
 Metaspace       used 100510K, capacity 104284K, committed 104356K, reserved 606208K
  class space    used 13471K, capacity 14971K, committed 14976K, reserved 516096K
}

